<?xml version="1.0"?>
<!--Phoronix Test Suite v10.8.4-->
<PhoronixTestSuite>
  <TestInformation>
    <Title>Dummy Benchmark Test</Title>
    <AppVersion>1.0.0</AppVersion>
    <Description>Testing different configs of openbenchmarking.org</Description>
    <ResultScale>msec</ResultScale>
    <Proportion>LIB</Proportion>
    <SubTitle>this is subtitle</SubTitle>
    <Executable>dummy-benchmark-test</Executable>
    <TimesToRun>3</TimesToRun>
  </TestInformation>
  <TestProfile>
    <Version>1.0.0</Version>
    <SupportedPlatforms>MacOSX</SupportedPlatforms>
    <SoftwareType>Benchmark</SoftwareType>
    <TestType>Processor</TestType>
    <License>Free</License>
    <Status>Verified</Status>
    <SupportedArchitectures>x86_64, arm, aarch64</SupportedArchitectures>
    <ProjectURL>https://github.com/maneesh29s/dummy-benchmark</ProjectURL>
    <RepositoryURL>https://github.com/maneesh29s/dummy-benchmark</RepositoryURL>
    <Maintainer>maneesh29s</Maintainer>
  </TestProfile>
  <TestSettings>
    <Option>
      <DisplayName>Method</DisplayName>
      <Identifier>method</Identifier>
      <Menu>
        <Entry>
          <Name>addition</Name>
          <Value> add </Value>
          <Message>This will add</Message>
        </Entry>
        <Entry>
          <Name>subtraction</Name>
          <Value> sub </Value>
          <Message>This will subtract</Message>
        </Entry>
      </Menu>
    </Option>
    <Option>
      <DisplayName>Size</DisplayName>
      <Identifier>size</Identifier>
      <Menu>
        <Entry>
          <Name>100K</Name>
          <Value> 100000 </Value>
        </Entry>
        <Entry>
          <Name>1M</Name>
          <Value> 1000000 </Value>
        </Entry>
        <Entry>
          <Name>10M</Name>
          <Value> 10000000 </Value>
        </Entry>
      </Menu>
    </Option>
  </TestSettings>
</PhoronixTestSuite>
